This is pdfTeX, Version 3.141592653-2.6-1.40.23 (TeX Live 2021/W32TeX) (preloaded format=pdflatex 2022.2.21)  11 AUG 2023 11:17
entering extended mode
 restricted \write18 enabled.
 %&-line parsing enabled.
**alago23.tex
(./alago23.tex
LaTeX2e <2021-11-15> patch level 1
L3 programming layer <2022-02-05>
(c:/texlive/2021/texmf-dist/tex/latex/beamer/beamer.cls
Document Class: beamer 2022/02/08 v3.66 A class for typesetting presentations
(c:/texlive/2021/texmf-dist/tex/latex/beamer/beamerbasemodes.sty
(c:/texlive/2021/texmf-dist/tex/latex/etoolbox/etoolbox.sty
Package: etoolbox 2020/10/05 v2.5k e-TeX tools for LaTeX (JAW)
\etb@tempcnta=\count185
)
\beamer@tempbox=\box50
\beamer@tempcount=\count186
\c@beamerpauses=\count187

(c:/texlive/2021/texmf-dist/tex/latex/beamer/beamerbasedecode.sty
\beamer@slideinframe=\count188
\beamer@minimum=\count189
\beamer@decode@box=\box51
)
\beamer@commentbox=\box52
\beamer@modecount=\count190
)
(c:/texlive/2021/texmf-dist/tex/generic/iftex/iftex.sty
Package: iftex 2022/02/03 v1.0f TeX engine tests
)
\headdp=\dimen138
\footheight=\dimen139
\sidebarheight=\dimen140
\beamer@tempdim=\dimen141
\beamer@finalheight=\dimen142
\beamer@animht=\dimen143
\beamer@animdp=\dimen144
\beamer@animwd=\dimen145
\beamer@leftmargin=\dimen146
\beamer@rightmargin=\dimen147
\beamer@leftsidebar=\dimen148
\beamer@rightsidebar=\dimen149
\beamer@boxsize=\dimen150
\beamer@vboxoffset=\dimen151
\beamer@descdefault=\dimen152
\beamer@descriptionwidth=\dimen153
\beamer@lastskip=\skip47
\beamer@areabox=\box53
\beamer@animcurrent=\box54
\beamer@animshowbox=\box55
\beamer@sectionbox=\box56
\beamer@logobox=\box57
\beamer@linebox=\box58
\beamer@sectioncount=\count191
\beamer@subsubsectionmax=\count192
\beamer@subsectionmax=\count193
\beamer@sectionmax=\count194
\beamer@totalheads=\count195
\beamer@headcounter=\count196
\beamer@partstartpage=\count197
\beamer@sectionstartpage=\count198
\beamer@subsectionstartpage=\count199
\beamer@animationtempa=\count266
\beamer@animationtempb=\count267
\beamer@xpos=\count268
\beamer@ypos=\count269
\beamer@ypos@offset=\count270
\beamer@showpartnumber=\count271
\beamer@currentsubsection=\count272
\beamer@coveringdepth=\count273
\beamer@sectionadjust=\count274
\beamer@toclastsection=\count275
\beamer@tocsectionnumber=\count276

(c:/texlive/2021/texmf-dist/tex/latex/beamer/beamerbaseoptions.sty
(c:/texlive/2021/texmf-dist/tex/latex/graphics/keyval.sty
Package: keyval 2014/10/28 v1.15 key=value parser (DPC)
\KV@toks@=\toks16
))
\beamer@paperwidth=\skip48
\beamer@paperheight=\skip49

(c:/texlive/2021/texmf-dist/tex/latex/geometry/geometry.sty
Package: geometry 2020/01/02 v5.9 Page Geometry

(c:/texlive/2021/texmf-dist/tex/generic/iftex/ifvtex.sty
Package: ifvtex 2019/10/25 v1.7 ifvtex legacy package. Use iftex instead.
)
\Gm@cnth=\count277
\Gm@cntv=\count278
\c@Gm@tempcnt=\count279
\Gm@bindingoffset=\dimen154
\Gm@wd@mp=\dimen155
\Gm@odd@mp=\dimen156
\Gm@even@mp=\dimen157
\Gm@layoutwidth=\dimen158
\Gm@layoutheight=\dimen159
\Gm@layouthoffset=\dimen160
\Gm@layoutvoffset=\dimen161
\Gm@dimlist=\toks17
)
(c:/texlive/2021/texmf-dist/tex/latex/pgf/math/pgfmath.sty
(c:/texlive/2021/texmf-dist/tex/latex/pgf/utilities/pgfrcs.sty
(c:/texlive/2021/texmf-dist/tex/generic/pgf/utilities/pgfutil-common.tex
\pgfutil@everybye=\toks18
\pgfutil@tempdima=\dimen162
\pgfutil@tempdimb=\dimen163

(c:/texlive/2021/texmf-dist/tex/generic/pgf/utilities/pgfutil-common-lists.tex)
) (c:/texlive/2021/texmf-dist/tex/generic/pgf/utilities/pgfutil-latex.def
\pgfutil@abb=\box59
)
(c:/texlive/2021/texmf-dist/tex/generic/pgf/utilities/pgfrcs.code.tex
(c:/texlive/2021/texmf-dist/tex/generic/pgf/pgf.revision.tex)
Package: pgfrcs 2021/05/15 v3.1.9a (3.1.9a)
))
(c:/texlive/2021/texmf-dist/tex/latex/pgf/utilities/pgfkeys.sty
(c:/texlive/2021/texmf-dist/tex/generic/pgf/utilities/pgfkeys.code.tex
\pgfkeys@pathtoks=\toks19
\pgfkeys@temptoks=\toks20

(c:/texlive/2021/texmf-dist/tex/generic/pgf/utilities/pgfkeysfiltered.code.tex
\pgfkeys@tmptoks=\toks21
))) (c:/texlive/2021/texmf-dist/tex/generic/pgf/math/pgfmath.code.tex
(c:/texlive/2021/texmf-dist/tex/generic/pgf/math/pgfmathcalc.code.tex
(c:/texlive/2021/texmf-dist/tex/generic/pgf/math/pgfmathutil.code.tex
\pgf@x=\dimen164
\pgf@xa=\dimen165
\pgf@xb=\dimen166
\pgf@xc=\dimen167
\pgf@y=\dimen168
\pgf@ya=\dimen169
\pgf@yb=\dimen170
\pgf@yc=\dimen171
\c@pgf@counta=\count280
\c@pgf@countb=\count281
\c@pgf@countc=\count282
\c@pgf@countd=\count283
)
(c:/texlive/2021/texmf-dist/tex/generic/pgf/math/pgfmathparser.code.tex
\pgfmath@dimen=\dimen172
\pgfmath@count=\count284
\pgfmath@box=\box60
\pgfmath@toks=\toks22
\pgfmath@stack@operand=\toks23
\pgfmath@stack@operation=\toks24
)
(c:/texlive/2021/texmf-dist/tex/generic/pgf/math/pgfmathfunctions.code.tex
(c:/texlive/2021/texmf-dist/tex/generic/pgf/math/pgfmathfunctions.basic.code.te
x)
(c:/texlive/2021/texmf-dist/tex/generic/pgf/math/pgfmathfunctions.trigonometric
.code.tex)
(c:/texlive/2021/texmf-dist/tex/generic/pgf/math/pgfmathfunctions.random.code.t
ex)
(c:/texlive/2021/texmf-dist/tex/generic/pgf/math/pgfmathfunctions.comparison.co
de.tex)
(c:/texlive/2021/texmf-dist/tex/generic/pgf/math/pgfmathfunctions.base.code.tex
)
(c:/texlive/2021/texmf-dist/tex/generic/pgf/math/pgfmathfunctions.round.code.te
x)
(c:/texlive/2021/texmf-dist/tex/generic/pgf/math/pgfmathfunctions.misc.code.tex
)
(c:/texlive/2021/texmf-dist/tex/generic/pgf/math/pgfmathfunctions.integerarithm
etics.code.tex)))
(c:/texlive/2021/texmf-dist/tex/generic/pgf/math/pgfmathfloat.code.tex
\c@pgfmathroundto@lastzeros=\count285
)))
(c:/texlive/2021/texmf-dist/tex/latex/base/size11.clo
File: size11.clo 2021/10/04 v1.4n Standard LaTeX file (size option)
)
(c:/texlive/2021/texmf-dist/tex/latex/pgf/basiclayer/pgfcore.sty
(c:/texlive/2021/texmf-dist/tex/latex/graphics/graphicx.sty
Package: graphicx 2021/09/16 v1.2d Enhanced LaTeX Graphics (DPC,SPQR)

(c:/texlive/2021/texmf-dist/tex/latex/graphics/graphics.sty
Package: graphics 2021/03/04 v1.4d Standard LaTeX Graphics (DPC,SPQR)

(c:/texlive/2021/texmf-dist/tex/latex/graphics/trig.sty
Package: trig 2021/08/11 v1.11 sin cos tan (DPC)
)
(c:/texlive/2021/texmf-dist/tex/latex/graphics-cfg/graphics.cfg
File: graphics.cfg 2016/06/04 v1.11 sample graphics configuration
)
Package graphics Info: Driver file: pdftex.def on input line 107.

(c:/texlive/2021/texmf-dist/tex/latex/graphics-def/pdftex.def
File: pdftex.def 2020/10/05 v1.2a Graphics/color driver for pdftex
))
\Gin@req@height=\dimen173
\Gin@req@width=\dimen174
)
(c:/texlive/2021/texmf-dist/tex/latex/pgf/systemlayer/pgfsys.sty
(c:/texlive/2021/texmf-dist/tex/generic/pgf/systemlayer/pgfsys.code.tex
Package: pgfsys 2021/05/15 v3.1.9a (3.1.9a)

(c:/texlive/2021/texmf-dist/tex/generic/pgf/utilities/pgfkeys.code.tex)
\pgf@x=\dimen175
\pgf@y=\dimen176
\pgf@xa=\dimen177
\pgf@ya=\dimen178
\pgf@xb=\dimen179
\pgf@yb=\dimen180
\pgf@xc=\dimen181
\pgf@yc=\dimen182
\pgf@xd=\dimen183
\pgf@yd=\dimen184
\w@pgf@writea=\write3
\r@pgf@reada=\read2
\c@pgf@counta=\count286
\c@pgf@countb=\count287
\c@pgf@countc=\count288
\c@pgf@countd=\count289
\t@pgf@toka=\toks25
\t@pgf@tokb=\toks26
\t@pgf@tokc=\toks27
\pgf@sys@id@count=\count290

(c:/texlive/2021/texmf-dist/tex/generic/pgf/systemlayer/pgf.cfg
File: pgf.cfg 2021/05/15 v3.1.9a (3.1.9a)
)
Driver file for pgf: pgfsys-pdftex.def

(c:/texlive/2021/texmf-dist/tex/generic/pgf/systemlayer/pgfsys-pdftex.def
File: pgfsys-pdftex.def 2021/05/15 v3.1.9a (3.1.9a)

(c:/texlive/2021/texmf-dist/tex/generic/pgf/systemlayer/pgfsys-common-pdf.def
File: pgfsys-common-pdf.def 2021/05/15 v3.1.9a (3.1.9a)
)))
(c:/texlive/2021/texmf-dist/tex/generic/pgf/systemlayer/pgfsyssoftpath.code.tex
File: pgfsyssoftpath.code.tex 2021/05/15 v3.1.9a (3.1.9a)
\pgfsyssoftpath@smallbuffer@items=\count291
\pgfsyssoftpath@bigbuffer@items=\count292
)
(c:/texlive/2021/texmf-dist/tex/generic/pgf/systemlayer/pgfsysprotocol.code.tex
File: pgfsysprotocol.code.tex 2021/05/15 v3.1.9a (3.1.9a)
)) (c:/texlive/2021/texmf-dist/tex/latex/xcolor/xcolor.sty
Package: xcolor 2021/10/31 v2.13 LaTeX color extensions (UK)

(c:/texlive/2021/texmf-dist/tex/latex/graphics-cfg/color.cfg
File: color.cfg 2016/01/02 v1.6 sample color configuration
)
Package xcolor Info: Driver file: pdftex.def on input line 227.
Package xcolor Info: Model `cmy' substituted by `cmy0' on input line 1352.
Package xcolor Info: Model `hsb' substituted by `rgb' on input line 1356.
Package xcolor Info: Model `RGB' extended on input line 1368.
Package xcolor Info: Model `HTML' substituted by `rgb' on input line 1370.
Package xcolor Info: Model `Hsb' substituted by `hsb' on input line 1371.
Package xcolor Info: Model `tHsb' substituted by `hsb' on input line 1372.
Package xcolor Info: Model `HSB' substituted by `hsb' on input line 1373.
Package xcolor Info: Model `Gray' substituted by `gray' on input line 1374.
Package xcolor Info: Model `wave' substituted by `hsb' on input line 1375.
)
(c:/texlive/2021/texmf-dist/tex/generic/pgf/basiclayer/pgfcore.code.tex
Package: pgfcore 2021/05/15 v3.1.9a (3.1.9a)

(c:/texlive/2021/texmf-dist/tex/generic/pgf/math/pgfmath.code.tex)
(c:/texlive/2021/texmf-dist/tex/generic/pgf/math/pgfint.code.tex)
(c:/texlive/2021/texmf-dist/tex/generic/pgf/basiclayer/pgfcorepoints.code.tex
File: pgfcorepoints.code.tex 2021/05/15 v3.1.9a (3.1.9a)
\pgf@picminx=\dimen185
\pgf@picmaxx=\dimen186
\pgf@picminy=\dimen187
\pgf@picmaxy=\dimen188
\pgf@pathminx=\dimen189
\pgf@pathmaxx=\dimen190
\pgf@pathminy=\dimen191
\pgf@pathmaxy=\dimen192
\pgf@xx=\dimen193
\pgf@xy=\dimen194
\pgf@yx=\dimen195
\pgf@yy=\dimen196
\pgf@zx=\dimen197
\pgf@zy=\dimen198
)
(c:/texlive/2021/texmf-dist/tex/generic/pgf/basiclayer/pgfcorepathconstruct.cod
e.tex
File: pgfcorepathconstruct.code.tex 2021/05/15 v3.1.9a (3.1.9a)
\pgf@path@lastx=\dimen199
\pgf@path@lasty=\dimen256
)
(c:/texlive/2021/texmf-dist/tex/generic/pgf/basiclayer/pgfcorepathusage.code.te
x
File: pgfcorepathusage.code.tex 2021/05/15 v3.1.9a (3.1.9a)
\pgf@shorten@end@additional=\dimen257
\pgf@shorten@start@additional=\dimen258
)
(c:/texlive/2021/texmf-dist/tex/generic/pgf/basiclayer/pgfcorescopes.code.tex
File: pgfcorescopes.code.tex 2021/05/15 v3.1.9a (3.1.9a)
\pgfpic=\box61
\pgf@hbox=\box62
\pgf@layerbox@main=\box63
\pgf@picture@serial@count=\count293
)
(c:/texlive/2021/texmf-dist/tex/generic/pgf/basiclayer/pgfcoregraphicstate.code
.tex
File: pgfcoregraphicstate.code.tex 2021/05/15 v3.1.9a (3.1.9a)
\pgflinewidth=\dimen259
)
(c:/texlive/2021/texmf-dist/tex/generic/pgf/basiclayer/pgfcoretransformations.c
ode.tex
File: pgfcoretransformations.code.tex 2021/05/15 v3.1.9a (3.1.9a)
\pgf@pt@x=\dimen260
\pgf@pt@y=\dimen261
\pgf@pt@temp=\dimen262
)
(c:/texlive/2021/texmf-dist/tex/generic/pgf/basiclayer/pgfcorequick.code.tex
File: pgfcorequick.code.tex 2021/05/15 v3.1.9a (3.1.9a)
)
(c:/texlive/2021/texmf-dist/tex/generic/pgf/basiclayer/pgfcoreobjects.code.tex
File: pgfcoreobjects.code.tex 2021/05/15 v3.1.9a (3.1.9a)
)
(c:/texlive/2021/texmf-dist/tex/generic/pgf/basiclayer/pgfcorepathprocessing.co
de.tex
File: pgfcorepathprocessing.code.tex 2021/05/15 v3.1.9a (3.1.9a)
)
(c:/texlive/2021/texmf-dist/tex/generic/pgf/basiclayer/pgfcorearrows.code.tex
File: pgfcorearrows.code.tex 2021/05/15 v3.1.9a (3.1.9a)
\pgfarrowsep=\dimen263
)
(c:/texlive/2021/texmf-dist/tex/generic/pgf/basiclayer/pgfcoreshade.code.tex
File: pgfcoreshade.code.tex 2021/05/15 v3.1.9a (3.1.9a)
\pgf@max=\dimen264
\pgf@sys@shading@range@num=\count294
\pgf@shadingcount=\count295
)
(c:/texlive/2021/texmf-dist/tex/generic/pgf/basiclayer/pgfcoreimage.code.tex
File: pgfcoreimage.code.tex 2021/05/15 v3.1.9a (3.1.9a)

(c:/texlive/2021/texmf-dist/tex/generic/pgf/basiclayer/pgfcoreexternal.code.tex
File: pgfcoreexternal.code.tex 2021/05/15 v3.1.9a (3.1.9a)
\pgfexternal@startupbox=\box64
))
(c:/texlive/2021/texmf-dist/tex/generic/pgf/basiclayer/pgfcorelayers.code.tex
File: pgfcorelayers.code.tex 2021/05/15 v3.1.9a (3.1.9a)
)
(c:/texlive/2021/texmf-dist/tex/generic/pgf/basiclayer/pgfcoretransparency.code
.tex
File: pgfcoretransparency.code.tex 2021/05/15 v3.1.9a (3.1.9a)
)
(c:/texlive/2021/texmf-dist/tex/generic/pgf/basiclayer/pgfcorepatterns.code.tex
File: pgfcorepatterns.code.tex 2021/05/15 v3.1.9a (3.1.9a)
) (c:/texlive/2021/texmf-dist/tex/generic/pgf/basiclayer/pgfcorerdf.code.tex
File: pgfcorerdf.code.tex 2021/05/15 v3.1.9a (3.1.9a)
))) (c:/texlive/2021/texmf-dist/tex/latex/pgf/utilities/xxcolor.sty
Package: xxcolor 2003/10/24 ver 0.1
\XC@nummixins=\count296
\XC@countmixins=\count297
)
(c:/texlive/2021/texmf-dist/tex/latex/base/atbegshi-ltx.sty
Package: atbegshi-ltx 2021/01/10 v1.0c Emulation of the original atbegshi
package with kernel methods
)
(c:/texlive/2021/texmf-dist/tex/latex/hyperref/hyperref.sty
Package: hyperref 2021-06-07 v7.00m Hypertext links for LaTeX

(c:/texlive/2021/texmf-dist/tex/generic/ltxcmds/ltxcmds.sty
Package: ltxcmds 2020-05-10 v1.25 LaTeX kernel commands for general use (HO)
)
(c:/texlive/2021/texmf-dist/tex/generic/pdftexcmds/pdftexcmds.sty
Package: pdftexcmds 2020-06-27 v0.33 Utility functions of pdfTeX for LuaTeX (HO
)

(c:/texlive/2021/texmf-dist/tex/generic/infwarerr/infwarerr.sty
Package: infwarerr 2019/12/03 v1.5 Providing info/warning/error messages (HO)
)
Package pdftexcmds Info: \pdf@primitive is available.
Package pdftexcmds Info: \pdf@ifprimitive is available.
Package pdftexcmds Info: \pdfdraftmode found.
)
(c:/texlive/2021/texmf-dist/tex/generic/kvsetkeys/kvsetkeys.sty
Package: kvsetkeys 2019/12/15 v1.18 Key value parser (HO)
)
(c:/texlive/2021/texmf-dist/tex/generic/kvdefinekeys/kvdefinekeys.sty
Package: kvdefinekeys 2019-12-19 v1.6 Define keys (HO)
)
(c:/texlive/2021/texmf-dist/tex/generic/pdfescape/pdfescape.sty
Package: pdfescape 2019/12/09 v1.15 Implements pdfTeX's escape features (HO)
)
(c:/texlive/2021/texmf-dist/tex/latex/hycolor/hycolor.sty
Package: hycolor 2020-01-27 v1.10 Color options for hyperref/bookmark (HO)
)
(c:/texlive/2021/texmf-dist/tex/latex/letltxmacro/letltxmacro.sty
Package: letltxmacro 2019/12/03 v1.6 Let assignment for LaTeX macros (HO)
)
(c:/texlive/2021/texmf-dist/tex/latex/auxhook/auxhook.sty
Package: auxhook 2019-12-17 v1.6 Hooks for auxiliary files (HO)
)
(c:/texlive/2021/texmf-dist/tex/latex/kvoptions/kvoptions.sty
Package: kvoptions 2020-10-07 v3.14 Key value format for package options (HO)
)
\@linkdim=\dimen265
\Hy@linkcounter=\count298
\Hy@pagecounter=\count299

(c:/texlive/2021/texmf-dist/tex/latex/hyperref/pd1enc.def
File: pd1enc.def 2021-06-07 v7.00m Hyperref: PDFDocEncoding definition (HO)
Now handling font encoding PD1 ...
... no UTF-8 mapping file for font encoding PD1
)
(c:/texlive/2021/texmf-dist/tex/latex/hyperref/hyperref-langpatches.def
File: hyperref-langpatches.def 2021-06-07 v7.00m Hyperref: patches for babel la
nguages
)
(c:/texlive/2021/texmf-dist/tex/generic/intcalc/intcalc.sty
Package: intcalc 2019/12/15 v1.3 Expandable calculations with integers (HO)
)
(c:/texlive/2021/texmf-dist/tex/generic/etexcmds/etexcmds.sty
Package: etexcmds 2019/12/15 v1.7 Avoid name clashes with e-TeX commands (HO)
)
\Hy@SavedSpaceFactor=\count300

(c:/texlive/2021/texmf-dist/tex/latex/hyperref/puenc.def
File: puenc.def 2021-06-07 v7.00m Hyperref: PDF Unicode definition (HO)
Now handling font encoding PU ...
... no UTF-8 mapping file for font encoding PU
)
Package hyperref Info: Option `bookmarks' set `true' on input line 4073.
Package hyperref Info: Option `bookmarksopen' set `true' on input line 4073.
Package hyperref Info: Option `implicit' set `false' on input line 4073.
Package hyperref Info: Hyper figures OFF on input line 4192.
Package hyperref Info: Link nesting OFF on input line 4197.
Package hyperref Info: Hyper index ON on input line 4200.
Package hyperref Info: Plain pages OFF on input line 4207.
Package hyperref Info: Backreferencing OFF on input line 4212.
Package hyperref Info: Implicit mode OFF; no redefinition of LaTeX internals.
Package hyperref Info: Bookmarks ON on input line 4445.
\c@Hy@tempcnt=\count301

(c:/texlive/2021/texmf-dist/tex/latex/url/url.sty
\Urlmuskip=\muskip16
Package: url 2013/09/16  ver 3.4  Verb mode for urls, etc.
)
LaTeX Info: Redefining \url on input line 4804.
\XeTeXLinkMargin=\dimen266

(c:/texlive/2021/texmf-dist/tex/generic/bitset/bitset.sty
Package: bitset 2019/12/09 v1.3 Handle bit-vector datatype (HO)

(c:/texlive/2021/texmf-dist/tex/generic/bigintcalc/bigintcalc.sty
Package: bigintcalc 2019/12/15 v1.5 Expandable calculations on big integers (HO
)
))
\Fld@menulength=\count302
\Field@Width=\dimen267
\Fld@charsize=\dimen268
Package hyperref Info: Hyper figures OFF on input line 6076.
Package hyperref Info: Link nesting OFF on input line 6081.
Package hyperref Info: Hyper index ON on input line 6084.
Package hyperref Info: backreferencing OFF on input line 6091.
Package hyperref Info: Link coloring OFF on input line 6096.
Package hyperref Info: Link coloring with OCG OFF on input line 6101.
Package hyperref Info: PDF/A mode OFF on input line 6106.
LaTeX Info: Redefining \ref on input line 6146.
LaTeX Info: Redefining \pageref on input line 6150.
\Hy@abspage=\count303


Package hyperref Message: Stopped early.

)
Package hyperref Info: Driver (autodetected): hpdftex.
 (c:/texlive/2021/texmf-dist/tex/latex/hyperref/hpdftex.def
File: hpdftex.def 2021-06-07 v7.00m Hyperref driver for pdfTeX

(c:/texlive/2021/texmf-dist/tex/latex/base/atveryend-ltx.sty
Package: atveryend-ltx 2020/08/19 v1.0a Emulation of the original atveryend pac
kage
with kernel methods
)
\Fld@listcount=\count304
\c@bookmark@seq@number=\count305

(c:/texlive/2021/texmf-dist/tex/latex/rerunfilecheck/rerunfilecheck.sty
Package: rerunfilecheck 2019/12/05 v1.9 Rerun checks for auxiliary files (HO)

(c:/texlive/2021/texmf-dist/tex/generic/uniquecounter/uniquecounter.sty
Package: uniquecounter 2019/12/15 v1.4 Provide unlimited unique counter (HO)
)
Package uniquecounter Info: New unique counter `rerunfilecheck' on input line 2
86.
))
(c:/texlive/2021/texmf-dist/tex/latex/beamer/beamerbaserequires.sty
(c:/texlive/2021/texmf-dist/tex/latex/beamer/beamerbasecompatibility.sty)
(c:/texlive/2021/texmf-dist/tex/latex/beamer/beamerbasefont.sty
(c:/texlive/2021/texmf-dist/tex/latex/amsfonts/amssymb.sty
Package: amssymb 2013/01/14 v3.01 AMS font symbols

(c:/texlive/2021/texmf-dist/tex/latex/amsfonts/amsfonts.sty
Package: amsfonts 2013/01/14 v3.01 Basic AMSFonts support
\@emptytoks=\toks28
\symAMSa=\mathgroup4
\symAMSb=\mathgroup5
LaTeX Font Info:    Redeclaring math symbol \hbar on input line 98.
LaTeX Font Info:    Overwriting math alphabet `\mathfrak' in version `bold'
(Font)                  U/euf/m/n --> U/euf/b/n on input line 106.
))
(c:/texlive/2021/texmf-dist/tex/latex/sansmathaccent/sansmathaccent.sty
Package: sansmathaccent 2020/01/31

(c:/texlive/2021/texmf-dist/tex/latex/koma-script/scrlfile.sty
Package: scrlfile 2021/11/13 v3.35 KOMA-Script package (file load hooks)

(c:/texlive/2021/texmf-dist/tex/latex/koma-script/scrlfile-hook.sty
Package: scrlfile-hook 2021/11/13 v3.35 KOMA-Script package (using LaTeX hooks)


(c:/texlive/2021/texmf-dist/tex/latex/koma-script/scrlogo.sty
Package: scrlogo 2021/11/13 v3.35 KOMA-Script package (logo)
)))))
(c:/texlive/2021/texmf-dist/tex/latex/beamer/beamerbasetranslator.sty
(c:/texlive/2021/texmf-dist/tex/latex/translator/translator.sty
Package: translator 2021-05-31 v1.12d Easy translation of strings in LaTeX
))
(c:/texlive/2021/texmf-dist/tex/latex/beamer/beamerbasemisc.sty)
(c:/texlive/2021/texmf-dist/tex/latex/beamer/beamerbasetwoscreens.sty)
(c:/texlive/2021/texmf-dist/tex/latex/beamer/beamerbaseoverlay.sty
\beamer@argscount=\count306
\beamer@lastskipcover=\skip50
\beamer@trivlistdepth=\count307
)
(c:/texlive/2021/texmf-dist/tex/latex/beamer/beamerbasetitle.sty)
(c:/texlive/2021/texmf-dist/tex/latex/beamer/beamerbasesection.sty
\c@lecture=\count308
\c@part=\count309
\c@section=\count310
\c@subsection=\count311
\c@subsubsection=\count312
)
(c:/texlive/2021/texmf-dist/tex/latex/beamer/beamerbaseframe.sty
\beamer@framebox=\box65
\beamer@frametitlebox=\box66
\beamer@zoombox=\box67
\beamer@zoomcount=\count313
\beamer@zoomframecount=\count314
\beamer@frametextheight=\dimen269
\c@subsectionslide=\count315
\beamer@frametopskip=\skip51
\beamer@framebottomskip=\skip52
\beamer@frametopskipautobreak=\skip53
\beamer@framebottomskipautobreak=\skip54
\beamer@envbody=\toks29
\framewidth=\dimen270
\c@framenumber=\count316
)
(c:/texlive/2021/texmf-dist/tex/latex/beamer/beamerbaseverbatim.sty
\beamer@verbatimfileout=\write4
)
(c:/texlive/2021/texmf-dist/tex/latex/beamer/beamerbaseframesize.sty
\beamer@splitbox=\box68
\beamer@autobreakcount=\count317
\beamer@autobreaklastheight=\dimen271
\beamer@frametitletoks=\toks30
\beamer@framesubtitletoks=\toks31
)
(c:/texlive/2021/texmf-dist/tex/latex/beamer/beamerbaseframecomponents.sty
\beamer@footins=\box69
)
(c:/texlive/2021/texmf-dist/tex/latex/beamer/beamerbasecolor.sty)
(c:/texlive/2021/texmf-dist/tex/latex/beamer/beamerbasenotes.sty
\beamer@frameboxcopy=\box70
)
(c:/texlive/2021/texmf-dist/tex/latex/beamer/beamerbasetoc.sty)
(c:/texlive/2021/texmf-dist/tex/latex/beamer/beamerbasetemplates.sty
\beamer@sbttoks=\toks32

(c:/texlive/2021/texmf-dist/tex/latex/beamer/beamerbaseauxtemplates.sty
(c:/texlive/2021/texmf-dist/tex/latex/beamer/beamerbaseboxes.sty
\bmb@box=\box71
\bmb@colorbox=\box72
\bmb@boxwidth=\dimen272
\bmb@boxheight=\dimen273
\bmb@prevheight=\dimen274
\bmb@temp=\dimen275
\bmb@dima=\dimen276
\bmb@dimb=\dimen277
\bmb@prevheight=\dimen278
)
\beamer@blockheadheight=\dimen279
))
(c:/texlive/2021/texmf-dist/tex/latex/beamer/beamerbaselocalstructure.sty
(c:/texlive/2021/texmf-dist/tex/latex/tools/enumerate.sty
Package: enumerate 2015/07/23 v3.00 enumerate extensions (DPC)
\@enLab=\toks33
)
\beamer@bibiconwidth=\skip55
\c@figure=\count318
\c@table=\count319
\abovecaptionskip=\skip56
\belowcaptionskip=\skip57
)
(c:/texlive/2021/texmf-dist/tex/latex/beamer/beamerbasenavigation.sty
\beamer@section@min@dim=\dimen280
)
(c:/texlive/2021/texmf-dist/tex/latex/beamer/beamerbasetheorems.sty
(c:/texlive/2021/texmf-dist/tex/latex/amsmath/amsmath.sty
Package: amsmath 2021/10/15 v2.17l AMS math features
\@mathmargin=\skip58

For additional information on amsmath, use the `?' option.
(c:/texlive/2021/texmf-dist/tex/latex/amsmath/amstext.sty
Package: amstext 2021/08/26 v2.01 AMS text

(c:/texlive/2021/texmf-dist/tex/latex/amsmath/amsgen.sty
File: amsgen.sty 1999/11/30 v2.0 generic functions
\@emptytoks=\toks34
\ex@=\dimen281
))
(c:/texlive/2021/texmf-dist/tex/latex/amsmath/amsbsy.sty
Package: amsbsy 1999/11/29 v1.2d Bold Symbols
\pmbraise@=\dimen282
)
(c:/texlive/2021/texmf-dist/tex/latex/amsmath/amsopn.sty
Package: amsopn 2021/08/26 v2.02 operator names
)
\inf@bad=\count320
LaTeX Info: Redefining \frac on input line 234.
\uproot@=\count321
\leftroot@=\count322
LaTeX Info: Redefining \overline on input line 399.
\classnum@=\count323
\DOTSCASE@=\count324
LaTeX Info: Redefining \ldots on input line 496.
LaTeX Info: Redefining \dots on input line 499.
LaTeX Info: Redefining \cdots on input line 620.
\Mathstrutbox@=\box73
\strutbox@=\box74
\big@size=\dimen283
LaTeX Font Info:    Redeclaring font encoding OML on input line 743.
LaTeX Font Info:    Redeclaring font encoding OMS on input line 744.
\macc@depth=\count325
\c@MaxMatrixCols=\count326
\dotsspace@=\muskip17
\c@parentequation=\count327
\dspbrk@lvl=\count328
\tag@help=\toks35
\row@=\count329
\column@=\count330
\maxfields@=\count331
\andhelp@=\toks36
\eqnshift@=\dimen284
\alignsep@=\dimen285
\tagshift@=\dimen286
\tagwidth@=\dimen287
\totwidth@=\dimen288
\lineht@=\dimen289
\@envbody=\toks37
\multlinegap=\skip59
\multlinetaggap=\skip60
\mathdisplay@stack=\toks38
LaTeX Info: Redefining \[ on input line 2938.
LaTeX Info: Redefining \] on input line 2939.
)
(c:/texlive/2021/texmf-dist/tex/latex/amscls/amsthm.sty
Package: amsthm 2020/05/29 v2.20.6
\thm@style=\toks39
\thm@bodyfont=\toks40
\thm@headfont=\toks41
\thm@notefont=\toks42
\thm@headpunct=\toks43
\thm@preskip=\skip61
\thm@postskip=\skip62
\thm@headsep=\skip63
\dth@everypar=\toks44
)
\c@theorem=\count332
)
(c:/texlive/2021/texmf-dist/tex/latex/beamer/beamerbasethemes.sty))
(c:/texlive/2021/texmf-dist/tex/latex/beamer/beamerthemedefault.sty
(c:/texlive/2021/texmf-dist/tex/latex/beamer/beamerfontthemedefault.sty)
(c:/texlive/2021/texmf-dist/tex/latex/beamer/beamercolorthemedefault.sty)
(c:/texlive/2021/texmf-dist/tex/latex/beamer/beamerinnerthemedefault.sty
\beamer@dima=\dimen290
\beamer@dimb=\dimen291
)
(c:/texlive/2021/texmf-dist/tex/latex/beamer/beamerouterthemedefault.sty)))
(c:/texlive/2021/texmf-dist/tex/latex/beamer/beamerthemeMarburg.sty
(c:/texlive/2021/texmf-dist/tex/latex/beamer/beamercolorthemewhale.sty)
(c:/texlive/2021/texmf-dist/tex/latex/beamer/beamerouterthemesidebar.sty
\beamer@sidebarwidth=\dimen292
\beamer@headheight=\dimen293
))
(c:/texlive/2021/texmf-dist/tex/latex/beamer/beamerfontthemeserif.sty)
(c:/texlive/2021/texmf-dist/tex/generic/ulem/ulem.sty
\UL@box=\box75
\UL@hyphenbox=\box76
\UL@skip=\skip64
\UL@hook=\toks45
\UL@height=\dimen294
\UL@pe=\count333
\UL@pixel=\dimen295
\ULC@box=\box77
Package: ulem 2019/11/18
\ULdepth=\dimen296
)
(c:/texlive/2021/texmf-dist/tex/latex/base/inputenc.sty
Package: inputenc 2021/02/14 v1.3d Input encoding file
\inpenc@prehook=\toks46
\inpenc@posthook=\toks47
)
(c:/texlive/2021/texmf-dist/tex/latex/base/fontenc.sty
Package: fontenc 2021/04/29 v2.0v Standard LaTeX package
)
(c:/texlive/2021/texmf-dist/tex/latex/psnfss/helvet.sty
Package: helvet 2020/03/25 PSNFSS-v9.3 (WaS) 
)
(c:/texlive/2021/texmf-dist/tex/generic/babel/babel.sty
Package: babel 2022/02/13 3.71 The Babel package
\babel@savecnt=\count334
\U@D=\dimen297
\l@unhyphenated=\language87

(c:/texlive/2021/texmf-dist/tex/generic/babel/txtbabel.def)
\bbl@readstream=\read3
LaTeX Info: Redefining \textlatin on input line 3967.
\bbl@dirlevel=\count335

(c:/texlive/2021/texmf-dist/tex/generic/babel-portuges/portuguese.ldf
Language: portuges 2021/07/09 v1.2t Portuguese support from the babel system
Package babel Info: Making " an active character on input line 143.
)
(c:/texlive/2021/texmf-dist/tex/generic/babel-english/english.ldf
Language: english 2017/06/06 v3.3r English support from the babel system
Package babel Info: Hyphen rules for 'canadian' set to \l@english
(babel)             (\language0). Reported on input line 102.
Package babel Info: Hyphen rules for 'australian' set to \l@ukenglish
(babel)             (\language21). Reported on input line 105.
Package babel Info: Hyphen rules for 'newzealand' set to \l@ukenglish
(babel)             (\language21). Reported on input line 108.
))
(c:/texlive/2021/texmf-dist/tex/latex/natbib/natbib.sty
Package: natbib 2010/09/13 8.31b (PWD, AO)
\bibhang=\skip65
\bibsep=\skip66
LaTeX Info: Redefining \cite on input line 694.
\c@NAT@ctr=\count336
)
(c:/texlive/2021/texmf-dist/tex/latex/tcolorbox/tcolorbox.sty
Package: tcolorbox 2022/01/07 version 5.0.2 text color boxes

(c:/texlive/2021/texmf-dist/tex/latex/pgf/basiclayer/pgf.sty
Package: pgf 2021/05/15 v3.1.9a (3.1.9a)

(c:/texlive/2021/texmf-dist/tex/generic/pgf/modules/pgfmoduleshapes.code.tex
File: pgfmoduleshapes.code.tex 2021/05/15 v3.1.9a (3.1.9a)
\pgfnodeparttextbox=\box78
)
(c:/texlive/2021/texmf-dist/tex/generic/pgf/modules/pgfmoduleplot.code.tex
File: pgfmoduleplot.code.tex 2021/05/15 v3.1.9a (3.1.9a)
)
(c:/texlive/2021/texmf-dist/tex/latex/pgf/compatibility/pgfcomp-version-0-65.st
y
Package: pgfcomp-version-0-65 2021/05/15 v3.1.9a (3.1.9a)
\pgf@nodesepstart=\dimen298
\pgf@nodesepend=\dimen299
)
(c:/texlive/2021/texmf-dist/tex/latex/pgf/compatibility/pgfcomp-version-1-18.st
y
Package: pgfcomp-version-1-18 2021/05/15 v3.1.9a (3.1.9a)
)) (c:/texlive/2021/texmf-dist/tex/latex/tools/verbatim.sty
Package: verbatim 2020-07-07 v1.5u LaTeX2e package for verbatim enhancements
\every@verbatim=\toks48
\verbatim@line=\toks49
\verbatim@in@stream=\read4
)
(c:/texlive/2021/texmf-dist/tex/latex/environ/environ.sty
Package: environ 2014/05/04 v0.3 A new way to define environments

(c:/texlive/2021/texmf-dist/tex/latex/trimspaces/trimspaces.sty
Package: trimspaces 2009/09/17 v1.1 Trim spaces around a token list
))
\tcb@titlebox=\box79
\tcb@upperbox=\box80
\tcb@lowerbox=\box81
\tcb@phantombox=\box82
\c@tcbbreakpart=\count337
\c@tcblayer=\count338
\c@tcolorbox@number=\count339
\tcb@temp=\box83
\tcb@temp=\box84
\tcb@temp=\box85
\tcb@temp=\box86
)
(c:/texlive/2021/texmf-dist/tex/latex/booktabs/booktabs.sty
Package: booktabs 2020/01/12 v1.61803398 Publication quality tables
\heavyrulewidth=\dimen300
\lightrulewidth=\dimen301
\cmidrulewidth=\dimen302
\belowrulesep=\dimen303
\belowbottomsep=\dimen304
\aboverulesep=\dimen305
\abovetopsep=\dimen306
\cmidrulesep=\dimen307
\cmidrulekern=\dimen308
\defaultaddspace=\dimen309
\@cmidla=\count340
\@cmidlb=\count341
\@aboverulesep=\dimen310
\@belowrulesep=\dimen311
\@thisruleclass=\count342
\@lastruleclass=\count343
\@thisrulewidth=\dimen312
)
(c:/texlive/2021/texmf-dist/tex/latex/caption/caption.sty
Package: caption 2022/02/20 v3.6 Customizing captions (AR)

(c:/texlive/2021/texmf-dist/tex/latex/caption/caption3.sty
Package: caption3 2022/01/07 v2.3 caption3 kernel (AR)
\caption@tempdima=\dimen313
\captionmargin=\dimen314
\caption@leftmargin=\dimen315
\caption@rightmargin=\dimen316
\caption@width=\dimen317
\caption@indent=\dimen318
\caption@parindent=\dimen319
\caption@hangindent=\dimen320
Package caption Info: beamer document class detected.

(c:/texlive/2021/texmf-dist/tex/latex/caption/caption-beamer.sto
File: caption-beamer.sto 2022/01/06 v2.0c Adaption of the caption package to th
e beamer document classes (AR)
))
\c@caption@flags=\count344
\c@continuedfloat=\count345
Package caption Info: hyperref package is loaded.
Package caption Info: Hyperref support is turned off
(caption)             because hyperref has stopped early.
)
(c:/texlive/2021/texmf-dist/tex/latex/wrapfig/wrapfig.sty
\wrapoverhang=\dimen321
\WF@size=\dimen322
\c@WF@wrappedlines=\count346
\WF@box=\box87
\WF@everypar=\toks50
Package: wrapfig 2003/01/31  v 3.6
)
(c:/texlive/2021/texmf-dist/tex/latex/base/makeidx.sty
Package: makeidx 2021/10/04 v1.0m Standard LaTeX package
)
(c:/texlive/2021/texmf-dist/tex/latex/epstopdf-pkg/epstopdf.sty
Package: epstopdf 2020-01-24 v2.11 Conversion with epstopdf on the fly (HO)

(c:/texlive/2021/texmf-dist/tex/latex/grfext/grfext.sty
Package: grfext 2019/12/03 v1.3 Manage graphics extensions (HO)
)
(c:/texlive/2021/texmf-dist/tex/latex/epstopdf-pkg/epstopdf-base.sty
Package: epstopdf-base 2020-01-24 v2.11 Base part for package epstopdf
Package epstopdf-base Info: Redefining graphics rule for `.eps' on input line 4
85.
Package grfext Info: Graphics extension search list:
(grfext)             [.pdf,.png,.jpg,.mps,.jpeg,.jbig2,.jb2,.PDF,.PNG,.JPG,.JPE
G,.JBIG2,.JB2,.eps]
(grfext)             \AppendGraphicsExtensions on input line 504.

(c:/texlive/2021/texmf-dist/tex/latex/latexconfig/epstopdf-sys.cfg
File: epstopdf-sys.cfg 2010/07/13 v1.3 Configuration of (r)epstopdf for TeX Liv
e
)))
(c:/texlive/2021/texmf-dist/tex/latex/subfigure/subfigure.sty
Package: subfigure 2002/03/15 v2.1.5 subfigure package
\subfigtopskip=\skip67
\subfigcapskip=\skip68
\subfigcaptopadj=\dimen323
\subfigbottomskip=\skip69
\subfigcapmargin=\dimen324
\subfiglabelskip=\skip70
\c@subfigure=\count347
\c@lofdepth=\count348
\c@subtable=\count349
\c@lotdepth=\count350

****************************************
* Local config file subfigure.cfg used *
****************************************
(c:/texlive/2021/texmf-dist/tex/latex/subfigure/subfigure.cfg)
\subfig@top=\skip71
\subfig@bottom=\skip72
)
(c:/texlive/2021/texmf-dist/tex/latex/float/float.sty
Package: float 2001/11/08 v1.3d Float enhancements (AL)
\c@float@type=\count351
\float@exts=\toks51
\float@box=\box88
\@float@everytoks=\toks52
\@floatcapt=\box89
)
(c:/texlive/2021/texmf-dist/tex/latex/psnfss/times.sty
Package: times 2020/03/25 PSNFSS-v9.3 (SPQR) 
)
(c:/texlive/2021/texmf-dist/tex/latex/pgf/frontendlayer/tikz.sty
(c:/texlive/2021/texmf-dist/tex/latex/pgf/utilities/pgffor.sty
(c:/texlive/2021/texmf-dist/tex/generic/pgf/utilities/pgffor.code.tex
Package: pgffor 2021/05/15 v3.1.9a (3.1.9a)

(c:/texlive/2021/texmf-dist/tex/generic/pgf/math/pgfmath.code.tex)
\pgffor@iter=\dimen325
\pgffor@skip=\dimen326
\pgffor@stack=\toks53
\pgffor@toks=\toks54
))
(c:/texlive/2021/texmf-dist/tex/generic/pgf/frontendlayer/tikz/tikz.code.tex
Package: tikz 2021/05/15 v3.1.9a (3.1.9a)

(c:/texlive/2021/texmf-dist/tex/generic/pgf/libraries/pgflibraryplothandlers.co
de.tex
File: pgflibraryplothandlers.code.tex 2021/05/15 v3.1.9a (3.1.9a)
\pgf@plot@mark@count=\count352
\pgfplotmarksize=\dimen327
)
\tikz@lastx=\dimen328
\tikz@lasty=\dimen329
\tikz@lastxsaved=\dimen330
\tikz@lastysaved=\dimen331
\tikz@lastmovetox=\dimen332
\tikz@lastmovetoy=\dimen333
\tikzleveldistance=\dimen334
\tikzsiblingdistance=\dimen335
\tikz@figbox=\box90
\tikz@figbox@bg=\box91
\tikz@tempbox=\box92
\tikz@tempbox@bg=\box93
\tikztreelevel=\count353
\tikznumberofchildren=\count354
\tikznumberofcurrentchild=\count355
\tikz@fig@count=\count356

(c:/texlive/2021/texmf-dist/tex/generic/pgf/modules/pgfmodulematrix.code.tex
File: pgfmodulematrix.code.tex 2021/05/15 v3.1.9a (3.1.9a)
\pgfmatrixcurrentrow=\count357
\pgfmatrixcurrentcolumn=\count358
\pgf@matrix@numberofcolumns=\count359
)
\tikz@expandcount=\count360

(c:/texlive/2021/texmf-dist/tex/generic/pgf/frontendlayer/tikz/libraries/tikzli
brarytopaths.code.tex
File: tikzlibrarytopaths.code.tex 2021/05/15 v3.1.9a (3.1.9a)
)))
(c:/texlive/2021/texmf-dist/tex/latex/tools/multicol.sty
Package: multicol 2021/10/28 v1.9b multicolumn formatting (FMi)
\c@tracingmulticols=\count361
\mult@box=\box94
\multicol@leftmargin=\dimen336
\c@unbalance=\count362
\c@collectmore=\count363
\doublecol@number=\count364
\multicoltolerance=\count365
\multicolpretolerance=\count366
\full@width=\dimen337
\page@free=\dimen338
\premulticols=\dimen339
\postmulticols=\dimen340
\multicolsep=\skip73
\multicolbaselineskip=\skip74
\partial@page=\box95
\last@line=\box96
\maxbalancingoverflow=\dimen341
\mult@rightbox=\box97
\mult@grightbox=\box98
\mult@firstbox=\box99
\mult@gfirstbox=\box100
\@tempa=\box101
\@tempa=\box102
\@tempa=\box103
\@tempa=\box104
\@tempa=\box105
\@tempa=\box106
\@tempa=\box107
\@tempa=\box108
\@tempa=\box109
\@tempa=\box110
\@tempa=\box111
\@tempa=\box112
\@tempa=\box113
\@tempa=\box114
\@tempa=\box115
\@tempa=\box116
\@tempa=\box117
\@tempa=\box118
\@tempa=\box119
\@tempa=\box120
\@tempa=\box121
\@tempa=\box122
\@tempa=\box123
\@tempa=\box124
\@tempa=\box125
\@tempa=\box126
\@tempa=\box127
\@tempa=\box128
\@tempa=\box129
\@tempa=\box130
\@tempa=\box131
\@tempa=\box132
\@tempa=\box133
\@tempa=\box134
\@tempa=\box135
\@tempa=\box136
\c@minrows=\count367
\c@columnbadness=\count368
\c@finalcolumnbadness=\count369
\last@try=\dimen342
\multicolovershoot=\dimen343
\multicolundershoot=\dimen344
\mult@nat@firstbox=\box137
\colbreak@box=\box138
\mc@col@check@num=\count370
)
(c:/texlive/2021/texmf-dist/tex/latex/cancel/cancel.sty
Package: cancel 2013/04/12 v2.2 Cancel math terms
)
(c:/texlive/2021/texmf-dist/tex/latex/mdframed/mdframed.sty
Package: mdframed 2013/07/01 1.9b: mdframed

(c:/texlive/2021/texmf-dist/tex/latex/l3packages/xparse/xparse.sty
(c:/texlive/2021/texmf-dist/tex/latex/l3kernel/expl3.sty
Package: expl3 2022-02-05 L3 programming layer (loader) 

(c:/texlive/2021/texmf-dist/tex/latex/l3backend/l3backend-pdftex.def
File: l3backend-pdftex.def 2022-02-07 L3 backend support: PDF output (pdfTeX)
\l__color_backend_stack_int=\count371
\l__pdf_internal_box=\box139
))
Package: xparse 2022-01-12 L3 Experimental document command parser
)
(c:/texlive/2021/texmf-dist/tex/latex/zref/zref-abspage.sty
Package: zref-abspage 2020-07-03 v2.32 Module abspage for zref (HO)

(c:/texlive/2021/texmf-dist/tex/latex/zref/zref-base.sty
Package: zref-base 2020-07-03 v2.32 Module base for zref (HO)
Package zref Info: New property list: main on input line 764.
Package zref Info: New property: default on input line 765.
Package zref Info: New property: page on input line 766.
)
\c@abspage=\count372
Package zref Info: New property: abspage on input line 66.
)
(c:/texlive/2021/texmf-dist/tex/latex/needspace/needspace.sty
Package: needspace 2010/09/12 v1.3d reserve vertical space
)
\mdf@templength=\skip75
\c@mdf@globalstyle@cnt=\count373
\mdf@skipabove@length=\skip76
\mdf@skipbelow@length=\skip77
\mdf@leftmargin@length=\skip78
\mdf@rightmargin@length=\skip79
\mdf@innerleftmargin@length=\skip80
\mdf@innerrightmargin@length=\skip81
\mdf@innertopmargin@length=\skip82
\mdf@innerbottommargin@length=\skip83
\mdf@splittopskip@length=\skip84
\mdf@splitbottomskip@length=\skip85
\mdf@outermargin@length=\skip86
\mdf@innermargin@length=\skip87
\mdf@linewidth@length=\skip88
\mdf@innerlinewidth@length=\skip89
\mdf@middlelinewidth@length=\skip90
\mdf@outerlinewidth@length=\skip91
\mdf@roundcorner@length=\skip92
\mdf@footenotedistance@length=\skip93
\mdf@userdefinedwidth@length=\skip94
\mdf@needspace@length=\skip95
\mdf@frametitleaboveskip@length=\skip96
\mdf@frametitlebelowskip@length=\skip97
\mdf@frametitlerulewidth@length=\skip98
\mdf@frametitleleftmargin@length=\skip99
\mdf@frametitlerightmargin@length=\skip100
\mdf@shadowsize@length=\skip101
\mdf@extratopheight@length=\skip102
\mdf@subtitleabovelinewidth@length=\skip103
\mdf@subtitlebelowlinewidth@length=\skip104
\mdf@subtitleaboveskip@length=\skip105
\mdf@subtitlebelowskip@length=\skip106
\mdf@subtitleinneraboveskip@length=\skip107
\mdf@subtitleinnerbelowskip@length=\skip108
\mdf@subsubtitleabovelinewidth@length=\skip109
\mdf@subsubtitlebelowlinewidth@length=\skip110
\mdf@subsubtitleaboveskip@length=\skip111
\mdf@subsubtitlebelowskip@length=\skip112
\mdf@subsubtitleinneraboveskip@length=\skip113
\mdf@subsubtitleinnerbelowskip@length=\skip114

(c:/texlive/2021/texmf-dist/tex/latex/mdframed/md-frame-1.mdf
File: md-frame-1.mdf 2013/07/01\ 1.9b: md-frame-1
)
\mdf@frametitlebox=\box140
\mdf@footnotebox=\box141
\mdf@splitbox@one=\box142
\mdf@splitbox@two=\box143
\mdf@splitbox@save=\box144
\mdfsplitboxwidth=\skip115
\mdfsplitboxtotalwidth=\skip116
\mdfsplitboxheight=\skip117
\mdfsplitboxdepth=\skip118
\mdfsplitboxtotalheight=\skip119
\mdfframetitleboxwidth=\skip120
\mdfframetitleboxtotalwidth=\skip121
\mdfframetitleboxheight=\skip122
\mdfframetitleboxdepth=\skip123
\mdfframetitleboxtotalheight=\skip124
\mdffootnoteboxwidth=\skip125
\mdffootnoteboxtotalwidth=\skip126
\mdffootnoteboxheight=\skip127
\mdffootnoteboxdepth=\skip128
\mdffootnoteboxtotalheight=\skip129
\mdftotallinewidth=\skip130
\mdfboundingboxwidth=\skip131
\mdfboundingboxtotalwidth=\skip132
\mdfboundingboxheight=\skip133
\mdfboundingboxdepth=\skip134
\mdfboundingboxtotalheight=\skip135
\mdf@freevspace@length=\skip136
\mdf@horizontalwidthofbox@length=\skip137
\mdf@verticalmarginwhole@length=\skip138
\mdf@horizontalspaceofbox=\skip139
\mdfsubtitleheight=\skip140
\mdfsubsubtitleheight=\skip141
\c@mdfcountframes=\count374

****** mdframed patching \endmdf@trivlist

****** -- failed******

\mdf@envdepth=\count375
\c@mdf@env@i=\count376
\c@mdf@env@ii=\count377
\c@mdf@zref@counter=\count378
Package zref Info: New property: mdf@pagevalue on input line 895.
)
(c:/texlive/2021/texmf-dist/tex/latex/smartdiagram/smartdiagram.sty
Package: smartdiagram 2016/12/23 v0.3b Automatic creation of smart diagrams fro
m lists of items.

(c:/texlive/2021/texmf-dist/tex/generic/xstring/xstring.sty
(c:/texlive/2021/texmf-dist/tex/generic/xstring/xstring.tex
\integerpart=\count379
\decimalpart=\count380
)
Package: xstring 2021/07/21 v1.84 String manipulations (CT)
)
(c:/texlive/2021/texmf-dist/tex/generic/pgf/frontendlayer/tikz/libraries/tikzli
brarybackgrounds.code.tex
File: tikzlibrarybackgrounds.code.tex 2021/05/15 v3.1.9a (3.1.9a)
\pgf@layerbox@background=\box145
\pgf@layerboxsaved@background=\box146
)
(c:/texlive/2021/texmf-dist/tex/generic/pgf/frontendlayer/tikz/libraries/tikzli
brarycalc.code.tex
File: tikzlibrarycalc.code.tex 2021/05/15 v3.1.9a (3.1.9a)
)
(c:/texlive/2021/texmf-dist/tex/generic/pgf/frontendlayer/tikz/libraries/tikzli
braryfadings.code.tex
File: tikzlibraryfadings.code.tex 2021/05/15 v3.1.9a (3.1.9a)

(c:/texlive/2021/texmf-dist/tex/generic/pgf/libraries/pgflibraryfadings.code.te
x
File: pgflibraryfadings.code.tex 2021/05/15 v3.1.9a (3.1.9a)
))
(c:/texlive/2021/texmf-dist/tex/generic/pgf/frontendlayer/tikz/libraries/tikzli
braryshadows.code.tex
File: tikzlibraryshadows.code.tex 2021/05/15 v3.1.9a (3.1.9a)
)
(c:/texlive/2021/texmf-dist/tex/generic/pgf/frontendlayer/tikz/libraries/tikzli
braryshapes.arrows.code.tex
File: tikzlibraryshapes.arrows.code.tex 2021/05/15 v3.1.9a (3.1.9a)

(c:/texlive/2021/texmf-dist/tex/generic/pgf/libraries/shapes/pgflibraryshapes.a
rrows.code.tex
File: pgflibraryshapes.arrows.code.tex 2021/05/15 v3.1.9a (3.1.9a)
))
(c:/texlive/2021/texmf-dist/tex/generic/pgf/frontendlayer/tikz/libraries/tikzli
braryshapes.symbols.code.tex
File: tikzlibraryshapes.symbols.code.tex 2021/05/15 v3.1.9a (3.1.9a)

(c:/texlive/2021/texmf-dist/tex/generic/pgf/libraries/shapes/pgflibraryshapes.s
ymbols.code.tex
File: pgflibraryshapes.symbols.code.tex 2021/05/15 v3.1.9a (3.1.9a)
))
\pgf@layerbox@smart diagram arrow back=\box147
\pgf@layerboxsaved@smart diagram arrow back=\box148

(c:/texlive/2021/texmf-dist/tex/latex/smartdiagram/smartdiagramlibrarycore.defi
nitions.code.tex)
(c:/texlive/2021/texmf-dist/tex/latex/smartdiagram/smartdiagramlibrarycore.styl
es.code.tex)
(c:/texlive/2021/texmf-dist/tex/latex/smartdiagram/smartdiagramlibrarycore.comm
ands.code.tex))

Package hyperref Warning: Token not allowed in a PDF string (Unicode):
(hyperref)                removing `math shift' on input line 47.


Package hyperref Warning: Token not allowed in a PDF string (Unicode):
(hyperref)                removing `superscript' on input line 47.


Package hyperref Warning: Token not allowed in a PDF string (Unicode):
(hyperref)                removing `math shift' on input line 47.


Package hyperref Warning: Token not allowed in a PDF string (Unicode):
(hyperref)                removing `math shift' on input line 47.


Package hyperref Warning: Token not allowed in a PDF string (Unicode):
(hyperref)                removing `superscript' on input line 47.


Package hyperref Warning: Token not allowed in a PDF string (Unicode):
(hyperref)                removing `math shift' on input line 47.


Package hyperref Warning: Token not allowed in a PDF string (Unicode):
(hyperref)                removing `math shift' on input line 47.


Package hyperref Warning: Token not allowed in a PDF string (Unicode):
(hyperref)                removing `superscript' on input line 47.


Package hyperref Warning: Token not allowed in a PDF string (Unicode):
(hyperref)                removing `math shift' on input line 47.


Package hyperref Warning: Token not allowed in a PDF string (Unicode):
(hyperref)                removing `math shift' on input line 47.


Package hyperref Warning: Token not allowed in a PDF string (Unicode):
(hyperref)                removing `superscript' on input line 47.


Package hyperref Warning: Token not allowed in a PDF string (Unicode):
(hyperref)                removing `math shift' on input line 47.


Package hyperref Warning: Token not allowed in a PDF string (Unicode):
(hyperref)                removing `math shift' on input line 47.


Package hyperref Warning: Token not allowed in a PDF string (Unicode):
(hyperref)                removing `superscript' on input line 47.


Package hyperref Warning: Token not allowed in a PDF string (Unicode):
(hyperref)                removing `math shift' on input line 47.


Package hyperref Warning: Token not allowed in a PDF string (Unicode):
(hyperref)                removing `math shift' on input line 47.


Package hyperref Warning: Token not allowed in a PDF string (Unicode):
(hyperref)                removing `superscript' on input line 47.


Package hyperref Warning: Token not allowed in a PDF string (Unicode):
(hyperref)                removing `math shift' on input line 47.


Package hyperref Warning: Token not allowed in a PDF string (Unicode):
(hyperref)                removing `math shift' on input line 47.


Package hyperref Warning: Token not allowed in a PDF string (Unicode):
(hyperref)                removing `superscript' on input line 47.


Package hyperref Warning: Token not allowed in a PDF string (Unicode):
(hyperref)                removing `math shift' on input line 47.


Package hyperref Warning: Token not allowed in a PDF string (Unicode):
(hyperref)                removing `math shift' on input line 47.


Package hyperref Warning: Token not allowed in a PDF string (Unicode):
(hyperref)                removing `superscript' on input line 47.


Package hyperref Warning: Token not allowed in a PDF string (Unicode):
(hyperref)                removing `math shift' on input line 47.

(c:/texlive/2021/texmf-dist/tex/latex/ragged2e/ragged2e.sty
Package: ragged2e 2021/12/15 v3.1 ragged2e Package
\CenteringLeftskip=\skip142
\RaggedLeftLeftskip=\skip143
\RaggedRightLeftskip=\skip144
\CenteringRightskip=\skip145
\RaggedLeftRightskip=\skip146
\RaggedRightRightskip=\skip147
\CenteringParfillskip=\skip148
\RaggedLeftParfillskip=\skip149
\RaggedRightParfillskip=\skip150
\JustifyingParfillskip=\skip151
\CenteringParindent=\skip152
\RaggedLeftParindent=\skip153
\RaggedRightParindent=\skip154
\JustifyingParindent=\skip155
)
LaTeX Font Info:    Trying to load font information for T1+phv on input line 64
.

(c:/texlive/2021/texmf-dist/tex/latex/psnfss/t1phv.fd
File: t1phv.fd 2020/03/25 scalable font definitions for T1/phv.
)
LaTeX Font Info:    Font shape `T1/phv/m/n' will be
(Font)              scaled to size 10.40245pt on input line 64.
 (./alago23.aux

LaTeX Warning: Label `lakesdatabase' multiply defined.

)
\openout1 = `alago23.aux'.

LaTeX Font Info:    Checking defaults for OML/cmm/m/it on input line 64.
LaTeX Font Info:    ... okay on input line 64.
LaTeX Font Info:    Checking defaults for OMS/cmsy/m/n on input line 64.
LaTeX Font Info:    ... okay on input line 64.
LaTeX Font Info:    Checking defaults for OT1/cmr/m/n on input line 64.
LaTeX Font Info:    ... okay on input line 64.
LaTeX Font Info:    Checking defaults for T1/cmr/m/n on input line 64.
LaTeX Font Info:    ... okay on input line 64.
LaTeX Font Info:    Checking defaults for TS1/cmr/m/n on input line 64.
LaTeX Font Info:    ... okay on input line 64.
LaTeX Font Info:    Checking defaults for OMX/cmex/m/n on input line 64.
LaTeX Font Info:    ... okay on input line 64.
LaTeX Font Info:    Checking defaults for U/cmr/m/n on input line 64.
LaTeX Font Info:    ... okay on input line 64.
LaTeX Font Info:    Checking defaults for PD1/pdf/m/n on input line 64.
LaTeX Font Info:    ... okay on input line 64.
LaTeX Font Info:    Checking defaults for PU/pdf/m/n on input line 64.
LaTeX Font Info:    ... okay on input line 64.

*geometry* driver: auto-detecting
*geometry* detected driver: pdftex
*geometry* verbose mode - [ preamble ] result:
* driver: pdftex
* paper: custom
* layout: <same size as paper>
* layoutoffset:(h,v)=(0.0pt,0.0pt)
* modes: includehead includefoot 
* h-part:(L,W,R)=(14.22636pt, 369.88585pt, 71.13187pt)
* v-part:(T,H,B)=(0.0pt, 256.0748pt, 0.0pt)
* \paperwidth=455.24408pt
* \paperheight=256.0748pt
* \textwidth=369.88585pt
* \textheight=227.62207pt
* \oddsidemargin=-58.04362pt
* \evensidemargin=-58.04362pt
* \topmargin=-72.26999pt
* \headheight=14.22636pt
* \headsep=0.0pt
* \topskip=11.0pt
* \footskip=14.22636pt
* \marginparwidth=4.0pt
* \marginparsep=10.0pt
* \columnsep=10.0pt
* \skip\footins=10.0pt plus 4.0pt minus 2.0pt
* \hoffset=0.0pt
* \voffset=0.0pt
* \mag=1000
* \@twocolumnfalse
* \@twosidefalse
* \@mparswitchfalse
* \@reversemarginfalse
* (1in=72.27pt=25.4mm, 1cm=28.453pt)

(c:/texlive/2021/texmf-dist/tex/context/base/mkii/supp-pdf.mkii
[Loading MPS to PDF converter (version 2006.09.02).]
\scratchcounter=\count381
\scratchdimen=\dimen345
\scratchbox=\box149
\nofMPsegments=\count382
\nofMParguments=\count383
\everyMPshowfont=\toks55
\MPscratchCnt=\count384
\MPscratchDim=\dimen346
\MPnumerator=\count385
\makeMPintoPDFobject=\count386
\everyMPtoPDFconversion=\toks56
)
Package hyperref Info: Link coloring OFF on input line 64.
 (c:/texlive/2021/texmf-dist/tex/latex/hyperref/nameref.sty
Package: nameref 2021-04-02 v2.47 Cross-referencing by name of section

(c:/texlive/2021/texmf-dist/tex/latex/refcount/refcount.sty
Package: refcount 2019/12/15 v3.6 Data extraction from label references (HO)
)
(c:/texlive/2021/texmf-dist/tex/generic/gettitlestring/gettitlestring.sty
Package: gettitlestring 2019/12/15 v1.6 Cleanup title references (HO)
)
\c@section@level=\count387
)
LaTeX Info: Redefining \ref on input line 64.
LaTeX Info: Redefining \pageref on input line 64.
LaTeX Info: Redefining \nameref on input line 64.

(./alago23.out) (./alago23.out)
\@outlinefile=\write5
\openout5 = `alago23.out'.

\symnumbers=\mathgroup6
\sympureletters=\mathgroup7
LaTeX Font Info:    Overwriting math alphabet `\mathrm' in version `normal'
(Font)                  OT1/cmr/m/n --> T1/ptm/m/n on input line 64.
LaTeX Font Info:    Redeclaring math alphabet \mathbf on input line 64.
LaTeX Font Info:    Overwriting math alphabet `\mathbf' in version `normal'
(Font)                  OT1/cmr/bx/n --> T1/ptm/b/n on input line 64.
LaTeX Font Info:    Overwriting math alphabet `\mathbf' in version `bold'
(Font)                  OT1/cmr/bx/n --> T1/ptm/b/n on input line 64.
LaTeX Font Info:    Redeclaring math alphabet \mathsf on input line 64.
LaTeX Font Info:    Overwriting math alphabet `\mathsf' in version `normal'
(Font)                  OT1/cmss/m/n --> T1/phv/m/n on input line 64.
LaTeX Font Info:    Overwriting math alphabet `\mathsf' in version `bold'
(Font)                  OT1/cmss/bx/n --> T1/phv/m/n on input line 64.
LaTeX Font Info:    Redeclaring math alphabet \mathit on input line 64.
LaTeX Font Info:    Overwriting math alphabet `\mathit' in version `normal'
(Font)                  OT1/cmr/m/it --> T1/ptm/m/it on input line 64.
LaTeX Font Info:    Overwriting math alphabet `\mathit' in version `bold'
(Font)                  OT1/cmr/bx/it --> T1/ptm/m/it on input line 64.
LaTeX Font Info:    Redeclaring math alphabet \mathtt on input line 64.
LaTeX Font Info:    Overwriting math alphabet `\mathtt' in version `normal'
(Font)                  OT1/cmtt/m/n --> T1/pcr/m/n on input line 64.
LaTeX Font Info:    Overwriting math alphabet `\mathtt' in version `bold'
(Font)                  OT1/cmtt/m/n --> T1/pcr/m/n on input line 64.
LaTeX Font Info:    Overwriting symbol font `numbers' in version `bold'
(Font)                  T1/ptm/m/n --> T1/ptm/b/n on input line 64.
LaTeX Font Info:    Overwriting symbol font `pureletters' in version `bold'
(Font)                  T1/ptm/m/it --> T1/ptm/b/it on input line 64.
LaTeX Font Info:    Overwriting math alphabet `\mathrm' in version `bold'
(Font)                  OT1/cmr/bx/n --> T1/ptm/b/n on input line 64.
LaTeX Font Info:    Overwriting math alphabet `\mathbf' in version `bold'
(Font)                  T1/ptm/b/n --> T1/ptm/b/n on input line 64.
LaTeX Font Info:    Overwriting math alphabet `\mathsf' in version `bold'
(Font)                  T1/phv/m/n --> T1/phv/b/n on input line 64.
LaTeX Font Info:    Overwriting math alphabet `\mathit' in version `bold'
(Font)                  T1/ptm/m/it --> T1/ptm/b/it on input line 64.
LaTeX Font Info:    Overwriting math alphabet `\mathtt' in version `bold'
(Font)                  T1/pcr/m/n --> T1/pcr/b/n on input line 64.

(c:/texlive/2021/texmf-dist/tex/latex/translator/translator-basic-dictionary-En
glish.dict
Dictionary: translator-basic-dictionary, Language: English 
)
(c:/texlive/2021/texmf-dist/tex/latex/translator/translator-bibliography-dictio
nary-English.dict
Dictionary: translator-bibliography-dictionary, Language: English 
)
(c:/texlive/2021/texmf-dist/tex/latex/translator/translator-environment-diction
ary-English.dict
Dictionary: translator-environment-dictionary, Language: English 
)
(c:/texlive/2021/texmf-dist/tex/latex/translator/translator-months-dictionary-E
nglish.dict
Dictionary: translator-months-dictionary, Language: English 
)
(c:/texlive/2021/texmf-dist/tex/latex/translator/translator-numbers-dictionary-
English.dict
Dictionary: translator-numbers-dictionary, Language: English 
)
(c:/texlive/2021/texmf-dist/tex/latex/translator/translator-theorem-dictionary-
English.dict
Dictionary: translator-theorem-dictionary, Language: English 
)
Package caption Info: Begin \AtBeginDocument code.
Package caption Info: float package is loaded.
Package caption Info: subfigure package is loaded.
Package caption Info: wrapfig package is loaded.
Package caption Info: End \AtBeginDocument code.
 (./alago23.nav)
LaTeX Font Info:    Font shape `T1/phv/m/n' will be
(Font)              scaled to size 5.69998pt on input line 64.
LaTeX Font Info:    Trying to load font information for T1+ptm on input line 64
.

(c:/texlive/2021/texmf-dist/tex/latex/psnfss/t1ptm.fd
File: t1ptm.fd 2001/06/04 font definitions for T1/ptm.
)
LaTeX Font Info:    Font shape `T1/phv/m/n' will be
(Font)              scaled to size 7.59998pt on input line 70.
LaTeX Font Info:    Trying to load font information for U+msa on input line 84.


(c:/texlive/2021/texmf-dist/tex/latex/amsfonts/umsa.fd
File: umsa.fd 2013/01/14 v3.01 AMS symbols A
)
LaTeX Font Info:    Trying to load font information for U+msb on input line 84.


(c:/texlive/2021/texmf-dist/tex/latex/amsfonts/umsb.fd
File: umsb.fd 2013/01/14 v3.01 AMS symbols B
)
<images/fundo.jpg, id=70, 796.47563pt x 597.73312pt>
File: images/fundo.jpg Graphic file (type jpg)
<use images/fundo.jpg>
Package pdftex.def Info: images/fundo.jpg  used on input line 84.
(pdftex.def)             Requested size: 455.23546pt x 256.07169pt.
LaTeX Font Info:    Font shape `T1/phv/m/n' will be
(Font)              scaled to size 3.79999pt on input line 84.
 [1{c:/texlive/2021/texmf-var/fonts/map/pdftex/updmap/pdftex.map}

 <./images/fundo.jpg>]
LaTeX Font Info:    Font shape `T1/phv/m/n' will be
(Font)              scaled to size 11.39996pt on input line 112.
<images/150ma.png, id=95, 652.68843pt x 626.34pt>
File: images/150ma.png Graphic file (type png)
<use images/150ma.png>
Package pdftex.def Info: images/150ma.png  used on input line 112.
(pdftex.def)             Requested size: 176.22823pt x 169.11404pt.
<images/fundopreto.jpg, id=97, 796.47563pt x 597.73312pt>
File: images/fundopreto.jpg Graphic file (type jpg)
<use images/fundopreto.jpg>
Package pdftex.def Info: images/fundopreto.jpg  used on input line 112.
(pdftex.def)             Requested size: 455.23546pt x 256.07169pt.
 [2

 <./images/fundopreto.jpg> <./images/150ma.png>]
File: images/150ma.png Graphic file (type png)
<use images/150ma.png>
Package pdftex.def Info: images/150ma.png  used on input line 112.
(pdftex.def)             Requested size: 176.22823pt x 169.11404pt.
File: images/fundopreto.jpg Graphic file (type jpg)
<use images/fundopreto.jpg>
Package pdftex.def Info: images/fundopreto.jpg  used on input line 112.
(pdftex.def)             Requested size: 455.23546pt x 256.07169pt.
 [3

]
<images/120ma.png, id=124, 626.34pt x 621.82312pt>
File: images/120ma.png Graphic file (type png)
<use images/120ma.png>
Package pdftex.def Info: images/120ma.png  used on input line 135.
(pdftex.def)             Requested size: 169.11404pt x 167.89449pt.
File: images/fundopreto.jpg Graphic file (type jpg)
<use images/fundopreto.jpg>
Package pdftex.def Info: images/fundopreto.jpg  used on input line 135.
(pdftex.def)             Requested size: 455.23546pt x 256.07169pt.
 [4

 <./images/120ma.png>]
<images/aptianoT.png, id=139, 963.6pt x 481.8pt>
File: images/aptianoT.png Graphic file (type png)
<use images/aptianoT.png>
Package pdftex.def Info: images/aptianoT.png  used on input line 152.
(pdftex.def)             Requested size: 289.08223pt x 144.5411pt.
LaTeX Font Info:    Font shape `T1/phv/m/n' will be
(Font)              scaled to size 9.49997pt on input line 152.
LaTeX Font Info:    Font shape `T1/phv/b/n' will be
(Font)              scaled to size 9.49997pt on input line 152.
File: images/fundo.jpg Graphic file (type jpg)
<use images/fundo.jpg>
Package pdftex.def Info: images/fundo.jpg  used on input line 152.
(pdftex.def)             Requested size: 455.23546pt x 256.07169pt.
 [5

 <./images/aptianoT.png>]
<images/HL.png, id=158, 803.25093pt x 447.17062pt>
File: images/HL.png Graphic file (type png)
<use images/HL.png>
Package pdftex.def Info: images/HL.png  used on input line 177.
(pdftex.def)             Requested size: 321.29468pt x 178.86507pt.


LaTeX Font Warning: Command \huge invalid in math mode on input line 177.

LaTeX Font Info:    Font shape `T1/phv/m/n' will be
(Font)              scaled to size 19.70294pt on input line 177.
File: images/fundo.jpg Graphic file (type jpg)
<use images/fundo.jpg>
Package pdftex.def Info: images/fundo.jpg  used on input line 177.
(pdftex.def)             Requested size: 455.23546pt x 256.07169pt.
[6

 <./images/HL.png>]
File: images/HL.png Graphic file (type png)
<use images/HL.png>
Package pdftex.def Info: images/HL.png  used on input line 177.
(pdftex.def)             Requested size: 321.29468pt x 178.86507pt.


LaTeX Font Warning: Command \huge invalid in math mode on input line 177.

File: images/fundo.jpg Graphic file (type jpg)
<use images/fundo.jpg>
Package pdftex.def Info: images/fundo.jpg  used on input line 177.
(pdftex.def)             Requested size: 455.23546pt x 256.07169pt.
[7

]
File: images/HL.png Graphic file (type png)
<use images/HL.png>
Package pdftex.def Info: images/HL.png  used on input line 198.
(pdftex.def)             Requested size: 321.29468pt x 178.86507pt.
File: images/fundo.jpg Graphic file (type jpg)
<use images/fundo.jpg>
Package pdftex.def Info: images/fundo.jpg  used on input line 198.
(pdftex.def)             Requested size: 455.23546pt x 256.07169pt.
 [8

]
<images/ALS.jpg, id=205, 5099.55188pt x 3135.46407pt>
File: images/ALS.jpg Graphic file (type jpg)
<use images/ALS.jpg>
Package pdftex.def Info: images/ALS.jpg  used on input line 228.
(pdftex.def)             Requested size: 254.99252pt x 156.78238pt.
File: images/fundopreto.jpg Graphic file (type jpg)
<use images/fundopreto.jpg>
Package pdftex.def Info: images/fundopreto.jpg  used on input line 228.
(pdftex.def)             Requested size: 455.23546pt x 256.07169pt.
 [9

 <./images/ALS.jpg>]
File: images/ALS.jpg Graphic file (type jpg)
<use images/ALS.jpg>
Package pdftex.def Info: images/ALS.jpg  used on input line 228.
(pdftex.def)             Requested size: 254.99252pt x 156.78238pt.
File: images/fundopreto.jpg Graphic file (type jpg)
<use images/fundopreto.jpg>
Package pdftex.def Info: images/fundopreto.jpg  used on input line 228.
(pdftex.def)             Requested size: 455.23546pt x 256.07169pt.
 [10

]
File: images/ALS.jpg Graphic file (type jpg)
<use images/ALS.jpg>
Package pdftex.def Info: images/ALS.jpg  used on input line 228.
(pdftex.def)             Requested size: 254.99252pt x 156.78238pt.
File: images/fundopreto.jpg Graphic file (type jpg)
<use images/fundopreto.jpg>
Package pdftex.def Info: images/fundopreto.jpg  used on input line 228.
(pdftex.def)             Requested size: 455.23546pt x 256.07169pt.
 [11

]
File: images/HL.png Graphic file (type png)
<use images/HL.png>
Package pdftex.def Info: images/HL.png  used on input line 279.
(pdftex.def)             Requested size: 240.97713pt x 134.15222pt.

Overfull \hbox (19.04337pt too wide) in paragraph at lines 279--279
 [] 
 []

File: images/fundo.jpg Graphic file (type jpg)
<use images/fundo.jpg>
Package pdftex.def Info: images/fundo.jpg  used on input line 279.
(pdftex.def)             Requested size: 455.23546pt x 256.07169pt.
[12

]
File: images/HL.png Graphic file (type png)
<use images/HL.png>
Package pdftex.def Info: images/HL.png  used on input line 279.
(pdftex.def)             Requested size: 240.97713pt x 134.15222pt.

Overfull \hbox (19.04337pt too wide) in paragraph at lines 279--279
 [] 
 []

File: images/fundo.jpg Graphic file (type jpg)
<use images/fundo.jpg>
Package pdftex.def Info: images/fundo.jpg  used on input line 279.
(pdftex.def)             Requested size: 455.23546pt x 256.07169pt.
[13

]
File: images/HL.png Graphic file (type png)
<use images/HL.png>
Package pdftex.def Info: images/HL.png  used on input line 279.
(pdftex.def)             Requested size: 240.97713pt x 134.15222pt.

Overfull \hbox (19.04337pt too wide) in paragraph at lines 279--279
 [] 
 []

File: images/fundo.jpg Graphic file (type jpg)
<use images/fundo.jpg>
Package pdftex.def Info: images/fundo.jpg  used on input line 279.
(pdftex.def)             Requested size: 455.23546pt x 256.07169pt.
[14

]
File: images/HL.png Graphic file (type png)
<use images/HL.png>
Package pdftex.def Info: images/HL.png  used on input line 279.
(pdftex.def)             Requested size: 240.97713pt x 134.15222pt.

Overfull \hbox (19.04337pt too wide) in paragraph at lines 279--279
 [] 
 []

File: images/fundo.jpg Graphic file (type jpg)
<use images/fundo.jpg>
Package pdftex.def Info: images/fundo.jpg  used on input line 279.
(pdftex.def)             Requested size: 455.23546pt x 256.07169pt.
[15

]
File: images/HL.png Graphic file (type png)
<use images/HL.png>
Package pdftex.def Info: images/HL.png  used on input line 279.
(pdftex.def)             Requested size: 240.97713pt x 134.15222pt.

Overfull \hbox (19.04337pt too wide) in paragraph at lines 279--279
 [] 
 []

File: images/fundo.jpg Graphic file (type jpg)
<use images/fundo.jpg>
Package pdftex.def Info: images/fundo.jpg  used on input line 279.
(pdftex.def)             Requested size: 455.23546pt x 256.07169pt.
[16

]
File: images/aptianoT.png Graphic file (type png)
<use images/aptianoT.png>
Package pdftex.def Info: images/aptianoT.png  used on input line 327.
(pdftex.def)             Requested size: 221.62334pt x 110.81166pt.
File: images/fundo.jpg Graphic file (type jpg)
<use images/fundo.jpg>
Package pdftex.def Info: images/fundo.jpg  used on input line 327.
(pdftex.def)             Requested size: 455.23546pt x 256.07169pt.
 [17

]
File: images/aptianoT.png Graphic file (type png)
<use images/aptianoT.png>
Package pdftex.def Info: images/aptianoT.png  used on input line 327.
(pdftex.def)             Requested size: 221.62334pt x 110.81166pt.
File: images/fundo.jpg Graphic file (type jpg)
<use images/fundo.jpg>
Package pdftex.def Info: images/fundo.jpg  used on input line 327.
(pdftex.def)             Requested size: 455.23546pt x 256.07169pt.
 [18

]
File: images/aptianoT.png Graphic file (type png)
<use images/aptianoT.png>
Package pdftex.def Info: images/aptianoT.png  used on input line 327.
(pdftex.def)             Requested size: 221.62334pt x 110.81166pt.
File: images/fundo.jpg Graphic file (type jpg)
<use images/fundo.jpg>
Package pdftex.def Info: images/fundo.jpg  used on input line 327.
(pdftex.def)             Requested size: 455.23546pt x 256.07169pt.
 [19

]
File: images/aptianoT.png Graphic file (type png)
<use images/aptianoT.png>
Package pdftex.def Info: images/aptianoT.png  used on input line 327.
(pdftex.def)             Requested size: 221.62334pt x 110.81166pt.
File: images/fundo.jpg Graphic file (type jpg)
<use images/fundo.jpg>
Package pdftex.def Info: images/fundo.jpg  used on input line 327.
(pdftex.def)             Requested size: 455.23546pt x 256.07169pt.
 [20

]
<images/relacaoPE.png, id=398, 526.96875pt x 432.86719pt>
File: images/relacaoPE.png Graphic file (type png)
<use images/relacaoPE.png>
Package pdftex.def Info: images/relacaoPE.png  used on input line 373.
(pdftex.def)             Requested size: 200.2502pt x 164.49123pt.
File: images/fundo.jpg Graphic file (type jpg)
<use images/fundo.jpg>
Package pdftex.def Info: images/fundo.jpg  used on input line 373.
(pdftex.def)             Requested size: 455.23546pt x 256.07169pt.
 [21

 <./images/relacaoPE.png>]
File: images/relacaoPE.png Graphic file (type png)
<use images/relacaoPE.png>
Package pdftex.def Info: images/relacaoPE.png  used on input line 373.
(pdftex.def)             Requested size: 200.2502pt x 164.49123pt.
File: images/fundo.jpg Graphic file (type jpg)
<use images/fundo.jpg>
Package pdftex.def Info: images/fundo.jpg  used on input line 373.
(pdftex.def)             Requested size: 455.23546pt x 256.07169pt.
 [22

]
File: images/relacaoPE.png Graphic file (type png)
<use images/relacaoPE.png>
Package pdftex.def Info: images/relacaoPE.png  used on input line 373.
(pdftex.def)             Requested size: 200.2502pt x 164.49123pt.
File: images/fundo.jpg Graphic file (type jpg)
<use images/fundo.jpg>
Package pdftex.def Info: images/fundo.jpg  used on input line 373.
(pdftex.def)             Requested size: 455.23546pt x 256.07169pt.
 [23

]
<images/fuzzy_logic.png, id=461, 488.47293pt x 298.54736pt>
File: images/fuzzy_logic.png Graphic file (type png)
<use images/fuzzy_logic.png>
Package pdftex.def Info: images/fuzzy_logic.png  used on input line 425.
(pdftex.def)             Requested size: 195.38571pt x 119.41681pt.

Overfull \vbox (15.27348pt too high) detected at line 425
 []

File: images/fundo.jpg Graphic file (type jpg)
<use images/fundo.jpg>
Package pdftex.def Info: images/fundo.jpg  used on input line 425.
(pdftex.def)             Requested size: 455.23546pt x 256.07169pt.
[24

 <./images/fuzzy_logic.png>]
File: images/fuzzy_logic.png Graphic file (type png)
<use images/fuzzy_logic.png>
Package pdftex.def Info: images/fuzzy_logic.png  used on input line 425.
(pdftex.def)             Requested size: 195.38571pt x 119.41681pt.

Overfull \vbox (15.27348pt too high) detected at line 425
 []

File: images/fundo.jpg Graphic file (type jpg)
<use images/fundo.jpg>
Package pdftex.def Info: images/fundo.jpg  used on input line 425.
(pdftex.def)             Requested size: 455.23546pt x 256.07169pt.
[25

]
File: images/fuzzy_logic.png Graphic file (type png)
<use images/fuzzy_logic.png>
Package pdftex.def Info: images/fuzzy_logic.png  used on input line 425.
(pdftex.def)             Requested size: 195.38571pt x 119.41681pt.

Overfull \vbox (15.27348pt too high) detected at line 425
 []

File: images/fundo.jpg Graphic file (type jpg)
<use images/fundo.jpg>
Package pdftex.def Info: images/fundo.jpg  used on input line 425.
(pdftex.def)             Requested size: 455.23546pt x 256.07169pt.
[26

]
File: images/fuzzy_logic.png Graphic file (type png)
<use images/fuzzy_logic.png>
Package pdftex.def Info: images/fuzzy_logic.png  used on input line 425.
(pdftex.def)             Requested size: 195.38571pt x 119.41681pt.

Overfull \vbox (15.27348pt too high) detected at line 425
 []

File: images/fundo.jpg Graphic file (type jpg)
<use images/fundo.jpg>
Package pdftex.def Info: images/fundo.jpg  used on input line 425.
(pdftex.def)             Requested size: 455.23546pt x 256.07169pt.
[27

]
File: images/fuzzy_logic.png Graphic file (type png)
<use images/fuzzy_logic.png>
Package pdftex.def Info: images/fuzzy_logic.png  used on input line 425.
(pdftex.def)             Requested size: 195.38571pt x 119.41681pt.

Overfull \vbox (15.27348pt too high) detected at line 425
 []

File: images/fundo.jpg Graphic file (type jpg)
<use images/fundo.jpg>
Package pdftex.def Info: images/fundo.jpg  used on input line 425.
(pdftex.def)             Requested size: 455.23546pt x 256.07169pt.
[28

]
File: images/fuzzy_logic.png Graphic file (type png)
<use images/fuzzy_logic.png>
Package pdftex.def Info: images/fuzzy_logic.png  used on input line 425.
(pdftex.def)             Requested size: 195.38571pt x 119.41681pt.

Overfull \vbox (15.27348pt too high) detected at line 425
 []

File: images/fundo.jpg Graphic file (type jpg)
<use images/fundo.jpg>
Package pdftex.def Info: images/fundo.jpg  used on input line 425.
(pdftex.def)             Requested size: 455.23546pt x 256.07169pt.
[29

]
<images/methodology.png, id=564, 292.1876pt x 289.00774pt>
File: images/methodology.png Graphic file (type png)
<use images/methodology.png>
Package pdftex.def Info: images/methodology.png  used on input line 477.
(pdftex.def)             Requested size: 175.3139pt x 173.40598pt.
File: images/fundo.jpg Graphic file (type jpg)
<use images/fundo.jpg>
Package pdftex.def Info: images/fundo.jpg  used on input line 477.
(pdftex.def)             Requested size: 455.23546pt x 256.07169pt.
 [30

 <./images/methodology.png>]
File: images/methodology.png Graphic file (type png)
<use images/methodology.png>
Package pdftex.def Info: images/methodology.png  used on input line 477.
(pdftex.def)             Requested size: 175.3139pt x 173.40598pt.
File: images/fundo.jpg Graphic file (type jpg)
<use images/fundo.jpg>
Package pdftex.def Info: images/fundo.jpg  used on input line 477.
(pdftex.def)             Requested size: 455.23546pt x 256.07169pt.
 [31

]
LaTeX Font Info:    Font shape `T1/phv/m/n' will be
(Font)              scaled to size 8.54997pt on input line 507.
File: images/fundo.jpg Graphic file (type jpg)
<use images/fundo.jpg>
Package pdftex.def Info: images/fundo.jpg  used on input line 507.
(pdftex.def)             Requested size: 455.23546pt x 256.07169pt.
 [32

]
<images/COT_variables.png, id=620, 120.45pt x 92.59593pt>
File: images/COT_variables.png Graphic file (type png)
<use images/COT_variables.png>
Package pdftex.def Info: images/COT_variables.png  used on input line 557.
(pdftex.def)             Requested size: 54.20198pt x 41.66777pt.
<images/COT_Victoria_triangular.png, id=621, 462.528pt x 346.896pt>
File: images/COT_Victoria_triangular.png Graphic file (type png)
<use images/COT_Victoria_triangular.png>
Package pdftex.def Info: images/COT_Victoria_triangular.png  used on input line
 557.
(pdftex.def)             Requested size: 185.0079pt x 138.75594pt.
<images/COT_Victoria_trapezoidal.png, id=622, 462.528pt x 346.896pt>
File: images/COT_Victoria_trapezoidal.png Graphic file (type png)
<use images/COT_Victoria_trapezoidal.png>
Package pdftex.def Info: images/COT_Victoria_trapezoidal.png  used on input lin
e 557.
(pdftex.def)             Requested size: 185.0079pt x 138.75594pt.

Overfull \vbox (14.06053pt too high) detected at line 557
 []

File: images/fundo.jpg Graphic file (type jpg)
<use images/fundo.jpg>
Package pdftex.def Info: images/fundo.jpg  used on input line 557.
(pdftex.def)             Requested size: 455.23546pt x 256.07169pt.
[33

 <./images/COT_variables.png> <./images/COT_Victoria_triangular.png> <./images/
COT_Victoria_trapezoidal.png>]
File: images/COT_variables.png Graphic file (type png)
<use images/COT_variables.png>
Package pdftex.def Info: images/COT_variables.png  used on input line 557.
(pdftex.def)             Requested size: 54.20198pt x 41.66777pt.
File: images/COT_Victoria_triangular.png Graphic file (type png)
<use images/COT_Victoria_triangular.png>
Package pdftex.def Info: images/COT_Victoria_triangular.png  used on input line
 557.
(pdftex.def)             Requested size: 185.0079pt x 138.75594pt.
File: images/COT_Victoria_trapezoidal.png Graphic file (type png)
<use images/COT_Victoria_trapezoidal.png>
Package pdftex.def Info: images/COT_Victoria_trapezoidal.png  used on input lin
e 557.
(pdftex.def)             Requested size: 185.0079pt x 138.75594pt.

Overfull \vbox (14.06053pt too high) detected at line 557
 []

File: images/fundo.jpg Graphic file (type jpg)
<use images/fundo.jpg>
Package pdftex.def Info: images/fundo.jpg  used on input line 557.
(pdftex.def)             Requested size: 455.23546pt x 256.07169pt.
[34

]
File: images/COT_variables.png Graphic file (type png)
<use images/COT_variables.png>
Package pdftex.def Info: images/COT_variables.png  used on input line 600.
(pdftex.def)             Requested size: 54.20198pt x 41.66777pt.
<images/COT_Tanganyika_triangular.png, id=652, 462.528pt x 346.896pt>
File: images/COT_Tanganyika_triangular.png Graphic file (type png)
<use images/COT_Tanganyika_triangular.png>
Package pdftex.def Info: images/COT_Tanganyika_triangular.png  used on input li
ne 600.
(pdftex.def)             Requested size: 185.0079pt x 138.75594pt.
<images/COT_Tanganyika_trapezoidal.png, id=653, 462.528pt x 346.896pt>
File: images/COT_Tanganyika_trapezoidal.png Graphic file (type png)
<use images/COT_Tanganyika_trapezoidal.png>
Package pdftex.def Info: images/COT_Tanganyika_trapezoidal.png  used on input l
ine 600.
(pdftex.def)             Requested size: 185.0079pt x 138.75594pt.

Overfull \vbox (16.46597pt too high) detected at line 600
 []

File: images/fundo.jpg Graphic file (type jpg)
<use images/fundo.jpg>
Package pdftex.def Info: images/fundo.jpg  used on input line 600.
(pdftex.def)             Requested size: 455.23546pt x 256.07169pt.
[35

 <./images/COT_Tanganyika_triangular.png> <./images/COT_Tanganyika_trapezoidal.
png>]
File: images/COT_variables.png Graphic file (type png)
<use images/COT_variables.png>
Package pdftex.def Info: images/COT_variables.png  used on input line 646.
(pdftex.def)             Requested size: 54.20198pt x 41.66777pt.
<images/COT_Kivu_triangular.png, id=669, 462.528pt x 346.896pt>
File: images/COT_Kivu_triangular.png Graphic file (type png)
<use images/COT_Kivu_triangular.png>
Package pdftex.def Info: images/COT_Kivu_triangular.png  used on input line 646
.
(pdftex.def)             Requested size: 185.0079pt x 138.75594pt.
<images/COT_Kivu_trapezoidal.png, id=670, 462.528pt x 346.896pt>
File: images/COT_Kivu_trapezoidal.png Graphic file (type png)
<use images/COT_Kivu_trapezoidal.png>
Package pdftex.def Info: images/COT_Kivu_trapezoidal.png  used on input line 64
6.
(pdftex.def)             Requested size: 185.0079pt x 138.75594pt.

Overfull \vbox (14.06053pt too high) detected at line 646
 []

File: images/fundo.jpg Graphic file (type jpg)
<use images/fundo.jpg>
Package pdftex.def Info: images/fundo.jpg  used on input line 646.
(pdftex.def)             Requested size: 455.23546pt x 256.07169pt.
[36

 <./images/COT_kivu_triangular.png> <./images/COT_kivu_trapezoidal.png>]
File: images/COT_variables.png Graphic file (type png)
<use images/COT_variables.png>
Package pdftex.def Info: images/COT_variables.png  used on input line 690.
(pdftex.def)             Requested size: 54.20198pt x 41.66777pt.
<images/COT_Edward_triangular.png, id=686, 462.528pt x 346.896pt>
File: images/COT_Edward_triangular.png Graphic file (type png)
<use images/COT_Edward_triangular.png>
Package pdftex.def Info: images/COT_Edward_triangular.png  used on input line 6
90.
(pdftex.def)             Requested size: 185.0079pt x 138.75594pt.
<images/COT_Edward_trapezoidal.png, id=687, 462.528pt x 346.896pt>
File: images/COT_Edward_trapezoidal.png Graphic file (type png)
<use images/COT_Edward_trapezoidal.png>
Package pdftex.def Info: images/COT_Edward_trapezoidal.png  used on input line 
690.
(pdftex.def)             Requested size: 185.0079pt x 138.75594pt.

Overfull \vbox (14.06053pt too high) detected at line 690
 []

File: images/fundo.jpg Graphic file (type jpg)
<use images/fundo.jpg>
Package pdftex.def Info: images/fundo.jpg  used on input line 690.
(pdftex.def)             Requested size: 455.23546pt x 256.07169pt.
[37

 <./images/COT_Edward_triangular.png> <./images/COT_Edward_trapezoidal.png>]
File: images/COT_variables.png Graphic file (type png)
<use images/COT_variables.png>
Package pdftex.def Info: images/COT_variables.png  used on input line 733.
(pdftex.def)             Requested size: 54.20198pt x 41.66777pt.
<images/COT_Motubu_triangular.png, id=704, 462.528pt x 346.896pt>
File: images/COT_Motubu_triangular.png Graphic file (type png)
<use images/COT_Motubu_triangular.png>
Package pdftex.def Info: images/COT_Motubu_triangular.png  used on input line 7
33.
(pdftex.def)             Requested size: 185.0079pt x 138.75594pt.
<images/COT_Motubu_trapezoidal.png, id=705, 462.528pt x 346.896pt>
File: images/COT_Motubu_trapezoidal.png Graphic file (type png)
<use images/COT_Motubu_trapezoidal.png>
Package pdftex.def Info: images/COT_Motubu_trapezoidal.png  used on input line 
733.
(pdftex.def)             Requested size: 185.0079pt x 138.75594pt.

Overfull \vbox (14.06053pt too high) detected at line 733
 []

File: images/fundo.jpg Graphic file (type jpg)
<use images/fundo.jpg>
Package pdftex.def Info: images/fundo.jpg  used on input line 733.
(pdftex.def)             Requested size: 455.23546pt x 256.07169pt.
[38

 <./images/COT_Motubu_triangular.png> <./images/COT_Motubu_trapezoidal.png>]pdf
TeX warning (ext4): destination with the same identifier (name{lakesdatabase}) 
has been already used, duplicate ignored
<to be read again> 
                   \relax 
l.773 \end{frame}
                 
File: images/fundo.jpg Graphic file (type jpg)
<use images/fundo.jpg>
Package pdftex.def Info: images/fundo.jpg  used on input line 773.
(pdftex.def)             Requested size: 455.23546pt x 256.07169pt.
 [39

]
File: images/fundo.jpg Graphic file (type jpg)
<use images/fundo.jpg>
Package pdftex.def Info: images/fundo.jpg  used on input line 813.
(pdftex.def)             Requested size: 455.23546pt x 256.07169pt.
 [40

]
File: images/fundo.jpg Graphic file (type jpg)
<use images/fundo.jpg>
Package pdftex.def Info: images/fundo.jpg  used on input line 813.
(pdftex.def)             Requested size: 455.23546pt x 256.07169pt.
 [41

]
File: images/fundo.jpg Graphic file (type jpg)
<use images/fundo.jpg>
Package pdftex.def Info: images/fundo.jpg  used on input line 813.
(pdftex.def)             Requested size: 455.23546pt x 256.07169pt.
 [42

] (./alago23.bbl)
File: images/fundo.jpg Graphic file (type jpg)
<use images/fundo.jpg>
Package pdftex.def Info: images/fundo.jpg  used on input line 830.
(pdftex.def)             Requested size: 455.23546pt x 256.07169pt.
 [43

]
<images/agradecimento.png, id=788, 1283.79625pt x 717.68124pt>
File: images/agradecimento.png Graphic file (type png)
<use images/agradecimento.png>
Package pdftex.def Info: images/agradecimento.png  used on input line 840.
(pdftex.def)             Requested size: 455.23175pt x 256.07631pt.
 [44

 <./images/agradecimento.png>]
\tf@nav=\write6
\openout6 = `alago23.nav'.

\tf@toc=\write7
\openout7 = `alago23.toc'.

\tf@snm=\write8
\openout8 = `alago23.snm'.

 (./alago23.aux)

LaTeX Warning: There were multiply-defined labels.

Package rerunfilecheck Info: File `alago23.out' has not changed.
(rerunfilecheck)             Checksum: 1B55E2644DE69BED4D66E1025B426359;740.
 )
(\end occurred inside a group at level 10)

### simple group (level 10) entered at line 692 ({)
### simple group (level 9) entered at line 649 ({)
### simple group (level 8) entered at line 605 ({)
### simple group (level 7) entered at line 560 ({)
### simple group (level 6) entered at line 518 ({)
### simple group (level 5) entered at line 436 ({)
### simple group (level 4) entered at line 377 ({)
### simple group (level 3) entered at line 329 ({)
### simple group (level 2) entered at line 286 ({)
### simple group (level 1) entered at line 237 ({)
### bottom level 
Here is how much of TeX's memory you used:
 32955 strings out of 478278
 670427 string characters out of 5850546
 964061 words of memory out of 5000000
 50325 multiletter control sequences out of 15000+600000
 535426 words of font info for 99 fonts, out of 8000000 for 9000
 1141 hyphenation exceptions out of 8191
 128i,15n,122p,429b,925s stack positions out of 5000i,500n,10000p,200000b,80000s
pdfTeX warning (dest): name{Navigation47} has been referenced b
ut does not exist, replaced by a fixed one

pdfTeX warning (dest): name{Navigation48} has been referenced but does not exis
t, replaced by a fixed one

{c:/texlive/2021/texmf-dist/fonts/enc/dvips/base/8r.enc}<c:/texlive/2021/texmf-
dist/fonts/type1/public/amsfonts/cm/cmex10.pfb><c:/texlive/2021/texmf-dist/font
s/type1/public/amsfonts/cm/cmmi8.pfb><c:/texlive/2021/texmf-dist/fonts/type1/pu
blic/amsfonts/cm/cmmi9.pfb><c:/texlive/2021/texmf-dist/fonts/type1/public/amsfo
nts/cm/cmr10.pfb><c:/texlive/2021/texmf-dist/fonts/type1/public/amsfonts/cm/cmr
7.pfb><c:/texlive/2021/texmf-dist/fonts/type1/public/amsfonts/cm/cmr8.pfb><c:/t
exlive/2021/texmf-dist/fonts/type1/public/amsfonts/cm/cmr9.pfb><c:/texlive/2021
/texmf-dist/fonts/type1/public/amsfonts/cm/cmsy10.pfb><c:/texlive/2021/texmf-di
st/fonts/type1/public/amsfonts/latxfont/line10.pfb><c:/texlive/2021/texmf-dist/
fonts/type1/public/amsfonts/symbols/msam10.pfb><c:/texlive/2021/texmf-dist/font
s/type1/urw/helvetic/uhvb8a.pfb><c:/texlive/2021/texmf-dist/fonts/type1/urw/hel
vetic/uhvr8a.pfb><c:/texlive/2021/texmf-dist/fonts/type1/urw/times/utmr8a.pfb><
c:/texlive/2021/texmf-dist/fonts/type1/urw/times/utmri8a.pfb>
Output written on alago23.pdf (44 pages, 11536721 bytes).
PDF statistics:
 891 PDF objects out of 1000 (max. 8388607)
 739 compressed objects within 8 object streams
 111 named destinations out of 1000 (max. 500000)
 323 words of extra memory for PDF output out of 10000 (max. 10000000)

